Flow report for reg_8_bit
Sun Oct 20 23:57:22 2019
Quartus II Version 8.1 Build 163 10/28/2008 SJ Web Edition


---------------------
; Table of Contents ;
---------------------
  1. Legal Notice
  2. Flow Summary
  3. Flow Settings
  4. Flow Non-Default Global Settings
  5. Flow Elapsed Time
  6. Flow OS Summary
  7. Flow Log



----------------
; Legal Notice ;
----------------
Copyright (C) 1991-2008 Altera Corporation
Your use of Altera Corporation's design tools, logic functions 
and other software and tools, and its AMPP partner logic 
functions, and any output files from any of the foregoing 
(including device programming or simulation files), and any 
associated documentation or information are expressly subject 
to the terms and conditions of the Altera Program License 
Subscription Agreement, Altera MegaCore Function License 
Agreement, or other applicable license agreement, including, 
without limitation, that your use is for the sole purpose of 
programming logic devices manufactured by Altera and sold by 
Altera or its authorized distributors.  Please refer to the 
applicable agreement for further details.



+-------------------------------------------------------------------+
; Flow Summary                                                      ;
+-------------------------+-----------------------------------------+
; Flow Status             ; Successful - Sun Oct 20 23:57:22 2019   ;
; Quartus II Version      ; 8.1 Build 163 10/28/2008 SJ Web Edition ;
; Revision Name           ; reg_8_bit                               ;
; Top-level Entity Name   ; reg_8_bit                               ;
; Family                  ; FLEX10K                                 ;
; Met timing requirements ; Yes                                     ;
; Total logic elements    ; 8 / 576 ( 1 % )                         ;
; Total pins              ; 17 / 59 ( 29 % )                        ;
; Total memory bits       ; 0 / 6,144 ( 0 % )                       ;
; Device                  ; EPF10K10LC84-3                          ;
; Timing Models           ; Final                                   ;
+-------------------------+-----------------------------------------+


+-----------------------------------------+
; Flow Settings                           ;
+-------------------+---------------------+
; Option            ; Setting             ;
+-------------------+---------------------+
; Start date & time ; 10/20/2019 23:57:18 ;
; Main task         ; Compilation         ;
; Revision Name     ; reg_8_bit           ;
+-------------------+---------------------+


+------------------------------------------------------------------------------------------------------------------+
; Flow Non-Default Global Settings                                                                                 ;
+------------------------------------+------------------------------+---------------+-------------+----------------+
; Assignment Name                    ; Value                        ; Default Value ; Entity Name ; Section Id     ;
+------------------------------------+------------------------------+---------------+-------------+----------------+
; COMPILER_SIGNATURE_ID              ; 345052807169.157160503818552 ; --            ; --          ; --             ;
; USE_GENERATED_PHYSICAL_CONSTRAINTS ; Off                          ; --            ; --          ; eda_blast_fpga ;
+------------------------------------+------------------------------+---------------+-------------+----------------+


+-----------------------------------------------------------------------------------------------------------------------------+
; Flow Elapsed Time                                                                                                           ;
+-------------------------+--------------+-------------------------+---------------------+------------------------------------+
; Module Name             ; Elapsed Time ; Average Processors Used ; Peak Virtual Memory ; Total CPU Time (on all processors) ;
+-------------------------+--------------+-------------------------+---------------------+------------------------------------+
; Analysis & Synthesis    ; 00:00:01     ; 1.0                     ; 222 MB              ; 00:00:00                           ;
; Fitter                  ; 00:00:00     ; 1.0                     ; 206 MB              ; 00:00:00                           ;
; Assembler               ; 00:00:00     ; 1.0                     ; 199 MB              ; 00:00:00                           ;
; Classic Timing Analyzer ; 00:00:00     ; 1.0                     ; 170 MB              ; 00:00:00                           ;
; Total                   ; 00:00:01     ; --                      ; --                  ; 00:00:00                           ;
+-------------------------+--------------+-------------------------+---------------------+------------------------------------+


+------------------------------------------------------------------------------------------+
; Flow OS Summary                                                                          ;
+-------------------------+------------------+---------------+------------+----------------+
; Module Name             ; Machine Hostname ; OS Name       ; OS Version ; Processor type ;
+-------------------------+------------------+---------------+------------+----------------+
; Analysis & Synthesis    ; DESKTOP-7LEURHR  ; Windows Vista ; 6.2        ; x86_64         ;
; Fitter                  ; DESKTOP-7LEURHR  ; Windows Vista ; 6.2        ; x86_64         ;
; Assembler               ; DESKTOP-7LEURHR  ; Windows Vista ; 6.2        ; x86_64         ;
; Classic Timing Analyzer ; DESKTOP-7LEURHR  ; Windows Vista ; 6.2        ; x86_64         ;
+-------------------------+------------------+---------------+------------+----------------+


------------
; Flow Log ;
------------
quartus_map --read_settings_files=on --write_settings_files=off reg_8_bit -c reg_8_bit
quartus_fit --read_settings_files=off --write_settings_files=off reg_8_bit -c reg_8_bit
quartus_asm --read_settings_files=off --write_settings_files=off reg_8_bit -c reg_8_bit
quartus_tan --read_settings_files=off --write_settings_files=off reg_8_bit -c reg_8_bit



