Classic Timing Analyzer report for reg_8_bit
Sun Oct 20 23:57:22 2019
Quartus II Version 8.1 Build 163 10/28/2008 SJ Web Edition


---------------------
; Table of Contents ;
---------------------
  1. Legal Notice
  2. Timing Analyzer Summary
  3. Timing Analyzer Settings
  4. Clock Settings Summary
  5. tsu
  6. tco
  7. th
  8. Timing Analyzer Messages



----------------
; Legal Notice ;
----------------
Copyright (C) 1991-2008 Altera Corporation
Your use of Altera Corporation's design tools, logic functions 
and other software and tools, and its AMPP partner logic 
functions, and any output files from any of the foregoing 
(including device programming or simulation files), and any 
associated documentation or information are expressly subject 
to the terms and conditions of the Altera Program License 
Subscription Agreement, Altera MegaCore Function License 
Agreement, or other applicable license agreement, including, 
without limitation, that your use is for the sole purpose of 
programming logic devices manufactured by Altera and sold by 
Altera or its authorized distributors.  Please refer to the 
applicable agreement for further details.



+-----------------------------------------------------------------------------------------------------------------------------------+
; Timing Analyzer Summary                                                                                                           ;
+------------------------------+-------+---------------+-------------+-----------+-----------+------------+----------+--------------+
; Type                         ; Slack ; Required Time ; Actual Time ; From      ; To        ; From Clock ; To Clock ; Failed Paths ;
+------------------------------+-------+---------------+-------------+-----------+-----------+------------+----------+--------------+
; Worst-case tsu               ; N/A   ; None          ; 4.100 ns    ; d[5]      ; q[5]~reg0 ; --         ; c        ; 0            ;
; Worst-case tco               ; N/A   ; None          ; 10.900 ns   ; q[3]~reg0 ; q[3]      ; c          ; --       ; 0            ;
; Worst-case th                ; N/A   ; None          ; 0.900 ns    ; d[0]      ; q[0]~reg0 ; --         ; c        ; 0            ;
; Total number of failed paths ;       ;               ;             ;           ;           ;            ;          ; 0            ;
+------------------------------+-------+---------------+-------------+-----------+-----------+------------+----------+--------------+


+--------------------------------------------------------------------------------------------------------------------+
; Timing Analyzer Settings                                                                                           ;
+---------------------------------------------------------------------+--------------------+------+----+-------------+
; Option                                                              ; Setting            ; From ; To ; Entity Name ;
+---------------------------------------------------------------------+--------------------+------+----+-------------+
; Device Name                                                         ; EPF10K10LC84-3     ;      ;    ;             ;
; Timing Models                                                       ; Final              ;      ;    ;             ;
; Default hold multicycle                                             ; Same as Multicycle ;      ;    ;             ;
; Cut paths between unrelated clock domains                           ; On                 ;      ;    ;             ;
; Cut off read during write signal paths                              ; On                 ;      ;    ;             ;
; Cut off feedback from I/O pins                                      ; On                 ;      ;    ;             ;
; Report Combined Fast/Slow Timing                                    ; Off                ;      ;    ;             ;
; Ignore Clock Settings                                               ; Off                ;      ;    ;             ;
; Analyze latches as synchronous elements                             ; On                 ;      ;    ;             ;
; Enable Recovery/Removal analysis                                    ; Off                ;      ;    ;             ;
; Enable Clock Latency                                                ; Off                ;      ;    ;             ;
; Use TimeQuest Timing Analyzer                                       ; Off                ;      ;    ;             ;
; Number of source nodes to report per destination node               ; 10                 ;      ;    ;             ;
; Number of destination nodes to report                               ; 10                 ;      ;    ;             ;
; Number of paths to report                                           ; 200                ;      ;    ;             ;
; Report Minimum Timing Checks                                        ; Off                ;      ;    ;             ;
; Use Fast Timing Models                                              ; Off                ;      ;    ;             ;
; Report IO Paths Separately                                          ; Off                ;      ;    ;             ;
; Perform Multicorner Analysis                                        ; Off                ;      ;    ;             ;
; Reports the worst-case path for each clock domain and analysis      ; Off                ;      ;    ;             ;
; Removes common clock path pessimism (CCPP) during slack computation ; Off                ;      ;    ;             ;
; Output I/O Timing Endpoint                                          ; Near End           ;      ;    ;             ;
+---------------------------------------------------------------------+--------------------+------+----+-------------+


+------------------------------------------------------------------------------------------------------------------------------------------------------------------------------------+
; Clock Settings Summary                                                                                                                                                             ;
+-----------------+--------------------+----------+------------------+---------------+--------------+----------+-----------------------+---------------------+--------+--------------+
; Clock Node Name ; Clock Setting Name ; Type     ; Fmax Requirement ; Early Latency ; Late Latency ; Based on ; Multiply Base Fmax by ; Divide Base Fmax by ; Offset ; Phase offset ;
+-----------------+--------------------+----------+------------------+---------------+--------------+----------+-----------------------+---------------------+--------+--------------+
; c               ;                    ; User Pin ; None             ; 0.000 ns      ; 0.000 ns     ; --       ; N/A                   ; N/A                 ; N/A    ;              ;
+-----------------+--------------------+----------+------------------+---------------+--------------+----------+-----------------------+---------------------+--------+--------------+


+-----------------------------------------------------------------+
; tsu                                                             ;
+-------+--------------+------------+------+-----------+----------+
; Slack ; Required tsu ; Actual tsu ; From ; To        ; To Clock ;
+-------+--------------+------------+------+-----------+----------+
; N/A   ; None         ; 4.100 ns   ; d[6] ; q[6]~reg0 ; c        ;
; N/A   ; None         ; 4.100 ns   ; d[5] ; q[5]~reg0 ; c        ;
; N/A   ; None         ; 4.000 ns   ; d[7] ; q[7]~reg0 ; c        ;
; N/A   ; None         ; 1.800 ns   ; d[4] ; q[4]~reg0 ; c        ;
; N/A   ; None         ; 1.800 ns   ; d[3] ; q[3]~reg0 ; c        ;
; N/A   ; None         ; 1.800 ns   ; d[2] ; q[2]~reg0 ; c        ;
; N/A   ; None         ; 1.800 ns   ; d[1] ; q[1]~reg0 ; c        ;
; N/A   ; None         ; 1.800 ns   ; d[0] ; q[0]~reg0 ; c        ;
+-------+--------------+------------+------+-----------+----------+


+-------------------------------------------------------------------+
; tco                                                               ;
+-------+--------------+------------+-----------+------+------------+
; Slack ; Required tco ; Actual tco ; From      ; To   ; From Clock ;
+-------+--------------+------------+-----------+------+------------+
; N/A   ; None         ; 10.900 ns  ; q[7]~reg0 ; q[7] ; c          ;
; N/A   ; None         ; 10.900 ns  ; q[3]~reg0 ; q[3] ; c          ;
; N/A   ; None         ; 9.900 ns   ; q[6]~reg0 ; q[6] ; c          ;
; N/A   ; None         ; 9.900 ns   ; q[5]~reg0 ; q[5] ; c          ;
; N/A   ; None         ; 9.900 ns   ; q[4]~reg0 ; q[4] ; c          ;
; N/A   ; None         ; 9.900 ns   ; q[2]~reg0 ; q[2] ; c          ;
; N/A   ; None         ; 9.900 ns   ; q[1]~reg0 ; q[1] ; c          ;
; N/A   ; None         ; 9.900 ns   ; q[0]~reg0 ; q[0] ; c          ;
+-------+--------------+------------+-----------+------+------------+


+-----------------------------------------------------------------------+
; th                                                                    ;
+---------------+-------------+-----------+------+-----------+----------+
; Minimum Slack ; Required th ; Actual th ; From ; To        ; To Clock ;
+---------------+-------------+-----------+------+-----------+----------+
; N/A           ; None        ; 0.900 ns  ; d[4] ; q[4]~reg0 ; c        ;
; N/A           ; None        ; 0.900 ns  ; d[3] ; q[3]~reg0 ; c        ;
; N/A           ; None        ; 0.900 ns  ; d[2] ; q[2]~reg0 ; c        ;
; N/A           ; None        ; 0.900 ns  ; d[1] ; q[1]~reg0 ; c        ;
; N/A           ; None        ; 0.900 ns  ; d[0] ; q[0]~reg0 ; c        ;
; N/A           ; None        ; -1.300 ns ; d[7] ; q[7]~reg0 ; c        ;
; N/A           ; None        ; -1.400 ns ; d[6] ; q[6]~reg0 ; c        ;
; N/A           ; None        ; -1.400 ns ; d[5] ; q[5]~reg0 ; c        ;
+---------------+-------------+-----------+------+-----------+----------+


+--------------------------+
; Timing Analyzer Messages ;
+--------------------------+
Info: *******************************************************************
Info: Running Quartus II Classic Timing Analyzer
    Info: Version 8.1 Build 163 10/28/2008 SJ Web Edition
    Info: Processing started: Sun Oct 20 23:57:22 2019
Info: Command: quartus_tan --read_settings_files=off --write_settings_files=off reg_8_bit -c reg_8_bit
Info: Started post-fitting delay annotation
Info: Delay annotation completed successfully
Warning: Found pins functioning as undefined clocks and/or memory enables
    Info: Assuming node "c" is an undefined clock
Info: No valid register-to-register data paths exist for clock "c"
Info: tsu for register "q[6]~reg0" (data pin = "d[6]", clock pin = "c") is 4.100 ns
    Info: + Longest pin to register delay is 6.700 ns
        Info: 1: + IC(0.000 ns) + CELL(3.100 ns) = 3.100 ns; Loc. = PIN_18; Fanout = 1; PIN Node = 'd[6]'
        Info: 2: + IC(2.700 ns) + CELL(0.900 ns) = 6.700 ns; Loc. = LC3_A23; Fanout = 1; REG Node = 'q[6]~reg0'
        Info: Total cell delay = 4.000 ns ( 59.70 % )
        Info: Total interconnect delay = 2.700 ns ( 40.30 % )
    Info: + Micro setup delay of destination is 1.300 ns
    Info: - Shortest clock path from clock "c" to destination register is 3.900 ns
        Info: 1: + IC(0.000 ns) + CELL(1.900 ns) = 1.900 ns; Loc. = PIN_43; Fanout = 8; CLK Node = 'c'
        Info: 2: + IC(2.000 ns) + CELL(0.000 ns) = 3.900 ns; Loc. = LC3_A23; Fanout = 1; REG Node = 'q[6]~reg0'
        Info: Total cell delay = 1.900 ns ( 48.72 % )
        Info: Total interconnect delay = 2.000 ns ( 51.28 % )
Info: tco from clock "c" to destination pin "q[7]" through register "q[7]~reg0" is 10.900 ns
    Info: + Longest clock path from clock "c" to source register is 3.900 ns
        Info: 1: + IC(0.000 ns) + CELL(1.900 ns) = 1.900 ns; Loc. = PIN_43; Fanout = 8; CLK Node = 'c'
        Info: 2: + IC(2.000 ns) + CELL(0.000 ns) = 3.900 ns; Loc. = LC7_B15; Fanout = 1; REG Node = 'q[7]~reg0'
        Info: Total cell delay = 1.900 ns ( 48.72 % )
        Info: Total interconnect delay = 2.000 ns ( 51.28 % )
    Info: + Micro clock to output delay of source is 0.900 ns
    Info: + Longest register to pin delay is 6.100 ns
        Info: 1: + IC(0.000 ns) + CELL(0.000 ns) = 0.000 ns; Loc. = LC7_B15; Fanout = 1; REG Node = 'q[7]~reg0'
        Info: 2: + IC(2.200 ns) + CELL(3.900 ns) = 6.100 ns; Loc. = PIN_64; Fanout = 0; PIN Node = 'q[7]'
        Info: Total cell delay = 3.900 ns ( 63.93 % )
        Info: Total interconnect delay = 2.200 ns ( 36.07 % )
Info: th for register "q[4]~reg0" (data pin = "d[4]", clock pin = "c") is 0.900 ns
    Info: + Longest clock path from clock "c" to destination register is 3.900 ns
        Info: 1: + IC(0.000 ns) + CELL(1.900 ns) = 1.900 ns; Loc. = PIN_43; Fanout = 8; CLK Node = 'c'
        Info: 2: + IC(2.000 ns) + CELL(0.000 ns) = 3.900 ns; Loc. = LC1_A6; Fanout = 1; REG Node = 'q[4]~reg0'
        Info: Total cell delay = 1.900 ns ( 48.72 % )
        Info: Total interconnect delay = 2.000 ns ( 51.28 % )
    Info: + Micro hold delay of destination is 1.400 ns
    Info: - Shortest pin to register delay is 4.400 ns
        Info: 1: + IC(0.000 ns) + CELL(1.900 ns) = 1.900 ns; Loc. = PIN_1; Fanout = 1; PIN Node = 'd[4]'
        Info: 2: + IC(1.600 ns) + CELL(0.900 ns) = 4.400 ns; Loc. = LC1_A6; Fanout = 1; REG Node = 'q[4]~reg0'
        Info: Total cell delay = 2.800 ns ( 63.64 % )
        Info: Total interconnect delay = 1.600 ns ( 36.36 % )
Info: Quartus II Classic Timing Analyzer was successful. 0 errors, 1 warning
    Info: Peak virtual memory: 182 megabytes
    Info: Processing ended: Sun Oct 20 23:57:22 2019
    Info: Elapsed time: 00:00:00
    Info: Total CPU time (on all processors): 00:00:00


