Flow report for processor_project
Mon Dec 02 14:14:51 2019
Quartus II Version 8.1 Build 163 10/28/2008 SJ Web Edition


---------------------
; Table of Contents ;
---------------------
  1. Legal Notice
  2. Flow Summary
  3. Flow Settings
  4. Flow Non-Default Global Settings
  5. Flow Elapsed Time
  6. Flow OS Summary
  7. Flow Log



----------------
; Legal Notice ;
----------------
Copyright (C) 1991-2008 Altera Corporation
Your use of Altera Corporation's design tools, logic functions 
and other software and tools, and its AMPP partner logic 
functions, and any output files from any of the foregoing 
(including device programming or simulation files), and any 
associated documentation or information are expressly subject 
to the terms and conditions of the Altera Program License 
Subscription Agreement, Altera MegaCore Function License 
Agreement, or other applicable license agreement, including, 
without limitation, that your use is for the sole purpose of 
programming logic devices manufactured by Altera and sold by 
Altera or its authorized distributors.  Please refer to the 
applicable agreement for further details.



+-------------------------------------------------------------------+
; Flow Summary                                                      ;
+-------------------------+-----------------------------------------+
; Flow Status             ; Successful - Mon Dec 02 14:14:51 2019   ;
; Quartus II Version      ; 8.1 Build 163 10/28/2008 SJ Web Edition ;
; Revision Name           ; processor_project                       ;
; Top-level Entity Name   ; processor_project                       ;
; Family                  ; FLEX10K                                 ;
; Met timing requirements ; No                                      ;
; Total logic elements    ; 394 / 576 ( 68 % )                      ;
; Total pins              ; 61 / 102 ( 60 % )                       ;
; Total memory bits       ; 6,144 / 6,144 ( 100 % )                 ;
; Device                  ; EPF10K10TC144-3                         ;
; Timing Models           ; Final                                   ;
+-------------------------+-----------------------------------------+


+-----------------------------------------+
; Flow Settings                           ;
+-------------------+---------------------+
; Option            ; Setting             ;
+-------------------+---------------------+
; Start date & time ; 12/02/2019 14:14:43 ;
; Main task         ; Compilation         ;
; Revision Name     ; processor_project   ;
+-------------------+---------------------+


+------------------------------------------------------------------------------------------------------------------+
; Flow Non-Default Global Settings                                                                                 ;
+------------------------------------+------------------------------+---------------+-------------+----------------+
; Assignment Name                    ; Value                        ; Default Value ; Entity Name ; Section Id     ;
+------------------------------------+------------------------------+---------------+-------------+----------------+
; COMPILER_SIGNATURE_ID              ; 345052807169.157528528201716 ; --            ; --          ; --             ;
; IP_TOOL_NAME                       ; LPM_ROM                      ; --            ; --          ; --             ;
; IP_TOOL_NAME                       ; LPM_RAM_DQ                   ; --            ; --          ; --             ;
; IP_TOOL_VERSION                    ; 8.1                          ; --            ; --          ; --             ;
; IP_TOOL_VERSION                    ; 8.1                          ; --            ; --          ; --             ;
; MISC_FILE                          ; lpm_rom0.bsf                 ; --            ; --          ; --             ;
; MISC_FILE                          ; lpm_rom0_bb.v                ; --            ; --          ; --             ;
; MISC_FILE                          ; lpm_ram_dq0.bsf              ; --            ; --          ; --             ;
; MISC_FILE                          ; lpm_ram_dq0_bb.v             ; --            ; --          ; --             ;
; USE_GENERATED_PHYSICAL_CONSTRAINTS ; Off                          ; --            ; --          ; eda_blast_fpga ;
+------------------------------------+------------------------------+---------------+-------------+----------------+


+-----------------------------------------------------------------------------------------------------------------------------+
; Flow Elapsed Time                                                                                                           ;
+-------------------------+--------------+-------------------------+---------------------+------------------------------------+
; Module Name             ; Elapsed Time ; Average Processors Used ; Peak Virtual Memory ; Total CPU Time (on all processors) ;
+-------------------------+--------------+-------------------------+---------------------+------------------------------------+
; Analysis & Synthesis    ; 00:00:02     ; 1.0                     ; 230 MB              ; 00:00:02                           ;
; Fitter                  ; 00:00:04     ; 1.0                     ; 209 MB              ; 00:00:03                           ;
; Assembler               ; 00:00:00     ; 1.0                     ; 201 MB              ; 00:00:00                           ;
; Classic Timing Analyzer ; 00:00:00     ; 1.0                     ; 171 MB              ; 00:00:00                           ;
; Total                   ; 00:00:06     ; --                      ; --                  ; 00:00:05                           ;
+-------------------------+--------------+-------------------------+---------------------+------------------------------------+


+------------------------------------------------------------------------------------------+
; Flow OS Summary                                                                          ;
+-------------------------+------------------+---------------+------------+----------------+
; Module Name             ; Machine Hostname ; OS Name       ; OS Version ; Processor type ;
+-------------------------+------------------+---------------+------------+----------------+
; Analysis & Synthesis    ; DESKTOP-7LEURHR  ; Windows Vista ; 6.2        ; x86_64         ;
; Fitter                  ; DESKTOP-7LEURHR  ; Windows Vista ; 6.2        ; x86_64         ;
; Assembler               ; DESKTOP-7LEURHR  ; Windows Vista ; 6.2        ; x86_64         ;
; Classic Timing Analyzer ; DESKTOP-7LEURHR  ; Windows Vista ; 6.2        ; x86_64         ;
+-------------------------+------------------+---------------+------------+----------------+


------------
; Flow Log ;
------------
quartus_map --read_settings_files=on --write_settings_files=off processor_project -c processor_project
quartus_fit --read_settings_files=off --write_settings_files=off processor_project -c processor_project
quartus_asm --read_settings_files=off --write_settings_files=off processor_project -c processor_project
quartus_tan --read_settings_files=off --write_settings_files=off processor_project -c processor_project



