Analysis & Synthesis report for processor_project
Mon Dec 02 14:14:44 2019
Quartus II Version 8.1 Build 163 10/28/2008 SJ Web Edition


---------------------
; Table of Contents ;
---------------------
  1. Legal Notice
  2. Analysis & Synthesis Summary
  3. Analysis & Synthesis Settings
  4. Analysis & Synthesis Source Files Read
  5. Analysis & Synthesis Resource Usage Summary
  6. Analysis & Synthesis Resource Utilization by Entity
  7. Analysis & Synthesis RAM Summary
  8. User-Specified and Inferred Latches
  9. General Register Statistics
 10. Source assignments for control:inst3|lpm_counter:ak_rtl_0
 11. Source assignments for alu:inst8|lpm_add_sub:Add0|addcore:adder
 12. Source assignments for alu:inst8|lpm_add_sub:Add1|addcore:adder
 13. Source assignments for alu:inst8|lpm_add_sub:Add2|addcore:adder
 14. Source assignments for alu:inst8|lpm_add_sub:Add3|addcore:adder
 15. Parameter Settings for User Entity Instance: lpm_rom0:inst|lpm_rom:lpm_rom_component
 16. Parameter Settings for User Entity Instance: lpm_ram_dq0:inst1|lpm_ram_dq:lpm_ram_dq_component
 17. Parameter Settings for Inferred Entity Instance: control:inst3|lpm_counter:ak_rtl_0
 18. Parameter Settings for Inferred Entity Instance: alu:inst8|lpm_add_sub:Add0
 19. Parameter Settings for Inferred Entity Instance: alu:inst8|lpm_add_sub:Add1
 20. Parameter Settings for Inferred Entity Instance: alu:inst8|lpm_add_sub:Add2
 21. Parameter Settings for Inferred Entity Instance: alu:inst8|lpm_add_sub:Add3
 22. Analysis & Synthesis Messages



----------------
; Legal Notice ;
----------------
Copyright (C) 1991-2008 Altera Corporation
Your use of Altera Corporation's design tools, logic functions 
and other software and tools, and its AMPP partner logic 
functions, and any output files from any of the foregoing 
(including device programming or simulation files), and any 
associated documentation or information are expressly subject 
to the terms and conditions of the Altera Program License 
Subscription Agreement, Altera MegaCore Function License 
Agreement, or other applicable license agreement, including, 
without limitation, that your use is for the sole purpose of 
programming logic devices manufactured by Altera and sold by 
Altera or its authorized distributors.  Please refer to the 
applicable agreement for further details.



+-----------------------------------------------------------------------+
; Analysis & Synthesis Summary                                          ;
+-----------------------------+-----------------------------------------+
; Analysis & Synthesis Status ; Successful - Mon Dec 02 14:14:44 2019   ;
; Quartus II Version          ; 8.1 Build 163 10/28/2008 SJ Web Edition ;
; Revision Name               ; processor_project                       ;
; Top-level Entity Name       ; processor_project                       ;
; Family                      ; FLEX10K                                 ;
; Total logic elements        ; 394                                     ;
; Total pins                  ; 61                                      ;
; Total memory bits           ; 6,144                                   ;
+-----------------------------+-----------------------------------------+


+--------------------------------------------------------------------------------------------------------+
; Analysis & Synthesis Settings                                                                          ;
+----------------------------------------------------------------+-------------------+-------------------+
; Option                                                         ; Setting           ; Default Value     ;
+----------------------------------------------------------------+-------------------+-------------------+
; Top-level entity name                                          ; processor_project ; processor_project ;
; Family name                                                    ; FLEX10K           ; Stratix II        ;
; Use Generated Physical Constraints File                        ; Off               ;                   ;
; Use smart compilation                                          ; Off               ; Off               ;
; Create Debugging Nodes for IP Cores                            ; Off               ; Off               ;
; Preserve fewer node names                                      ; On                ; On                ;
; Disable OpenCore Plus hardware evaluation                      ; Off               ; Off               ;
; Verilog Version                                                ; Verilog_2001      ; Verilog_2001      ;
; VHDL Version                                                   ; VHDL93            ; VHDL93            ;
; State Machine Processing                                       ; Auto              ; Auto              ;
; Safe State Machine                                             ; Off               ; Off               ;
; Extract Verilog State Machines                                 ; On                ; On                ;
; Extract VHDL State Machines                                    ; On                ; On                ;
; Ignore Verilog initial constructs                              ; Off               ; Off               ;
; Iteration limit for constant Verilog loops                     ; 5000              ; 5000              ;
; Iteration limit for non-constant Verilog loops                 ; 250               ; 250               ;
; Add Pass-Through Logic to Inferred RAMs                        ; On                ; On                ;
; Parallel Synthesis                                             ; Off               ; Off               ;
; NOT Gate Push-Back                                             ; On                ; On                ;
; Power-Up Don't Care                                            ; On                ; On                ;
; Remove Redundant Logic Cells                                   ; Off               ; Off               ;
; Remove Duplicate Registers                                     ; On                ; On                ;
; Ignore CARRY Buffers                                           ; Off               ; Off               ;
; Ignore CASCADE Buffers                                         ; Off               ; Off               ;
; Ignore GLOBAL Buffers                                          ; Off               ; Off               ;
; Ignore ROW GLOBAL Buffers                                      ; Off               ; Off               ;
; Ignore LCELL Buffers                                           ; Off               ; Off               ;
; Ignore SOFT Buffers                                            ; On                ; On                ;
; Limit AHDL Integers to 32 Bits                                 ; Off               ; Off               ;
; Auto Implement in ROM                                          ; Off               ; Off               ;
; Optimization Technique                                         ; Area              ; Area              ;
; Carry Chain Length                                             ; 32                ; 32                ;
; Cascade Chain Length                                           ; 2                 ; 2                 ;
; Auto Carry Chains                                              ; On                ; On                ;
; Auto Open-Drain Pins                                           ; On                ; On                ;
; Auto ROM Replacement                                           ; On                ; On                ;
; Auto RAM Replacement                                           ; On                ; On                ;
; Auto Clock Enable Replacement                                  ; On                ; On                ;
; Strict RAM Replacement                                         ; Off               ; Off               ;
; Auto Resource Sharing                                          ; Off               ; Off               ;
; Allow Any RAM Size For Recognition                             ; Off               ; Off               ;
; Allow Any ROM Size For Recognition                             ; Off               ; Off               ;
; Use LogicLock Constraints during Resource Balancing            ; On                ; On                ;
; Ignore translate_off and synthesis_off directives              ; Off               ; Off               ;
; Show Parameter Settings Tables in Synthesis Report             ; On                ; On                ;
; HDL message level                                              ; Level2            ; Level2            ;
; Suppress Register Optimization Related Messages                ; Off               ; Off               ;
; Number of Removed Registers Reported in Synthesis Report       ; 100               ; 100               ;
; Number of Inverted Registers Reported in Synthesis Report      ; 100               ; 100               ;
; Block Design Naming                                            ; Auto              ; Auto              ;
; Synthesis Effort                                               ; Auto              ; Auto              ;
; Allows Asynchronous Clear Usage For Shift Register Replacement ; On                ; On                ;
; Analysis & Synthesis Message Level                             ; Medium            ; Medium            ;
+----------------------------------------------------------------+-------------------+-------------------+


+---------------------------------------------------------------------------------------------------------------------------------------------------------------------------------------------------------------------+
; Analysis & Synthesis Source Files Read                                                                                                                                                                              ;
+--------------------------------------+-----------------+------------------------------------+-----------------------------------------------------------------------------------------------------------------------+
; File Name with User-Entered Path     ; Used in Netlist ; File Type                          ; File Name with Absolute Path                                                                                          ;
+--------------------------------------+-----------------+------------------------------------+-----------------------------------------------------------------------------------------------------------------------+
; ../Syncronise/sync_wr.v              ; yes             ; User Verilog HDL File              ; C:/Institute workspace/Important_Marks/4-й курс/Схемотехника/Курсовая/Project_Vitya/Syncronise/sync_wr.v              ;
; ../Control_Block/control.v           ; yes             ; User Verilog HDL File              ; C:/Institute workspace/Important_Marks/4-й курс/Схемотехника/Курсовая/Project_Vitya/Control_Block/control.v           ;
; ../Block_RON/reg_8_bit/reg_8_bit.v   ; yes             ; User Verilog HDL File              ; C:/Institute workspace/Important_Marks/4-й курс/Схемотехника/Курсовая/Project_Vitya/Block_RON/reg_8_bit/reg_8_bit.v   ;
; ../Block_RON/mux_bus/mux_bus.v       ; yes             ; User Verilog HDL File              ; C:/Institute workspace/Important_Marks/4-й курс/Схемотехника/Курсовая/Project_Vitya/Block_RON/mux_bus/mux_bus.v       ;
; ../Block_RON/d_mux/d_mux.v           ; yes             ; User Verilog HDL File              ; C:/Institute workspace/Important_Marks/4-й курс/Схемотехника/Курсовая/Project_Vitya/Block_RON/d_mux/d_mux.v           ;
; ../Block_RON/block_ron/block_ron.bdf ; yes             ; User Block Diagram/Schematic File  ; C:/Institute workspace/Important_Marks/4-й курс/Схемотехника/Курсовая/Project_Vitya/Block_RON/block_ron/block_ron.bdf ;
; ../Block_Flags/reg_flags.v           ; yes             ; User Verilog HDL File              ; C:/Institute workspace/Important_Marks/4-й курс/Схемотехника/Курсовая/Project_Vitya/Block_Flags/reg_flags.v           ;
; ../ALU_Block/alu.v                   ; yes             ; User Verilog HDL File              ; C:/Institute workspace/Important_Marks/4-й курс/Схемотехника/Курсовая/Project_Vitya/ALU_Block/alu.v                   ;
; processor_project.bdf                ; yes             ; User Block Diagram/Schematic File  ; C:/Institute workspace/Important_Marks/4-й курс/Схемотехника/Курсовая/Project_Vitya/Processor/processor_project.bdf   ;
; ROM_ini.mif                          ; yes             ; User Memory Initialization File    ; C:/Institute workspace/Important_Marks/4-й курс/Схемотехника/Курсовая/Project_Vitya/Processor/ROM_ini.mif             ;
; lpm_rom0.v                           ; yes             ; User Wizard-Generated File         ; C:/Institute workspace/Important_Marks/4-й курс/Схемотехника/Курсовая/Project_Vitya/Processor/lpm_rom0.v              ;
; lpm_ram_dq0.v                        ; yes             ; User Wizard-Generated File         ; C:/Institute workspace/Important_Marks/4-й курс/Схемотехника/Курсовая/Project_Vitya/Processor/lpm_ram_dq0.v           ;
; lpm_rom.tdf                          ; yes             ; Megafunction                       ; c:/institute workspace/altera8.1/quartus/libraries/megafunctions/lpm_rom.tdf                                          ;
; altrom.inc                           ; yes             ; Megafunction                       ; c:/institute workspace/altera8.1/quartus/libraries/megafunctions/altrom.inc                                           ;
; aglobal81.inc                        ; yes             ; Megafunction                       ; c:/institute workspace/altera8.1/quartus/libraries/megafunctions/aglobal81.inc                                        ;
; altrom.tdf                           ; yes             ; Megafunction                       ; c:/institute workspace/altera8.1/quartus/libraries/megafunctions/altrom.tdf                                           ;
; memmodes.inc                         ; yes             ; Megafunction                       ; c:/institute workspace/altera8.1/quartus/libraries/others/maxplus2/memmodes.inc                                       ;
; lpm_decode.inc                       ; yes             ; Megafunction                       ; c:/institute workspace/altera8.1/quartus/libraries/megafunctions/lpm_decode.inc                                       ;
; lpm_mux.inc                          ; yes             ; Megafunction                       ; c:/institute workspace/altera8.1/quartus/libraries/megafunctions/lpm_mux.inc                                          ;
; altqpram.inc                         ; yes             ; Megafunction                       ; c:/institute workspace/altera8.1/quartus/libraries/megafunctions/altqpram.inc                                         ;
; altsyncram.inc                       ; yes             ; Megafunction                       ; c:/institute workspace/altera8.1/quartus/libraries/megafunctions/altsyncram.inc                                       ;
; lpm_ram_dq.tdf                       ; yes             ; Megafunction                       ; c:/institute workspace/altera8.1/quartus/libraries/megafunctions/lpm_ram_dq.tdf                                       ;
; altram.inc                           ; yes             ; Megafunction                       ; c:/institute workspace/altera8.1/quartus/libraries/megafunctions/altram.inc                                           ;
; altram.tdf                           ; yes             ; Megafunction                       ; c:/institute workspace/altera8.1/quartus/libraries/megafunctions/altram.tdf                                           ;
; lpm_counter.tdf                      ; yes             ; Megafunction                       ; c:/institute workspace/altera8.1/quartus/libraries/megafunctions/lpm_counter.tdf                                      ;
; lpm_constant.inc                     ; yes             ; Megafunction                       ; c:/institute workspace/altera8.1/quartus/libraries/megafunctions/lpm_constant.inc                                     ;
; lpm_add_sub.inc                      ; yes             ; Megafunction                       ; c:/institute workspace/altera8.1/quartus/libraries/megafunctions/lpm_add_sub.inc                                      ;
; cmpconst.inc                         ; yes             ; Megafunction                       ; c:/institute workspace/altera8.1/quartus/libraries/megafunctions/cmpconst.inc                                         ;
; lpm_compare.inc                      ; yes             ; Megafunction                       ; c:/institute workspace/altera8.1/quartus/libraries/megafunctions/lpm_compare.inc                                      ;
; lpm_counter.inc                      ; yes             ; Megafunction                       ; c:/institute workspace/altera8.1/quartus/libraries/megafunctions/lpm_counter.inc                                      ;
; dffeea.inc                           ; yes             ; Megafunction                       ; c:/institute workspace/altera8.1/quartus/libraries/megafunctions/dffeea.inc                                           ;
; alt_synch_counter.inc                ; yes             ; Megafunction                       ; c:/institute workspace/altera8.1/quartus/libraries/megafunctions/alt_synch_counter.inc                                ;
; alt_synch_counter_f.inc              ; yes             ; Megafunction                       ; c:/institute workspace/altera8.1/quartus/libraries/megafunctions/alt_synch_counter_f.inc                              ;
; alt_counter_f10ke.inc                ; yes             ; Megafunction                       ; c:/institute workspace/altera8.1/quartus/libraries/megafunctions/alt_counter_f10ke.inc                                ;
; alt_counter_stratix.inc              ; yes             ; Megafunction                       ; c:/institute workspace/altera8.1/quartus/libraries/megafunctions/alt_counter_stratix.inc                              ;
; alt_counter_f10ke.tdf                ; yes             ; Megafunction                       ; c:/institute workspace/altera8.1/quartus/libraries/megafunctions/alt_counter_f10ke.tdf                                ;
; flex10ke_lcell.inc                   ; yes             ; Megafunction                       ; c:/institute workspace/altera8.1/quartus/libraries/megafunctions/flex10ke_lcell.inc                                   ;
; lpm_add_sub.tdf                      ; yes             ; Megafunction                       ; c:/institute workspace/altera8.1/quartus/libraries/megafunctions/lpm_add_sub.tdf                                      ;
; addcore.inc                          ; yes             ; Megafunction                       ; c:/institute workspace/altera8.1/quartus/libraries/megafunctions/addcore.inc                                          ;
; look_add.inc                         ; yes             ; Megafunction                       ; c:/institute workspace/altera8.1/quartus/libraries/megafunctions/look_add.inc                                         ;
; bypassff.inc                         ; yes             ; Megafunction                       ; c:/institute workspace/altera8.1/quartus/libraries/megafunctions/bypassff.inc                                         ;
; altshift.inc                         ; yes             ; Megafunction                       ; c:/institute workspace/altera8.1/quartus/libraries/megafunctions/altshift.inc                                         ;
; alt_stratix_add_sub.inc              ; yes             ; Megafunction                       ; c:/institute workspace/altera8.1/quartus/libraries/megafunctions/alt_stratix_add_sub.inc                              ;
; alt_mercury_add_sub.inc              ; yes             ; Megafunction                       ; c:/institute workspace/altera8.1/quartus/libraries/megafunctions/alt_mercury_add_sub.inc                              ;
; addcore.tdf                          ; yes             ; Megafunction                       ; c:/institute workspace/altera8.1/quartus/libraries/megafunctions/addcore.tdf                                          ;
; a_csnbuffer.inc                      ; yes             ; Megafunction                       ; c:/institute workspace/altera8.1/quartus/libraries/megafunctions/a_csnbuffer.inc                                      ;
; a_csnbuffer.tdf                      ; yes             ; Megafunction                       ; c:/institute workspace/altera8.1/quartus/libraries/megafunctions/a_csnbuffer.tdf                                      ;
; altshift.tdf                         ; yes             ; Megafunction                       ; c:/institute workspace/altera8.1/quartus/libraries/megafunctions/altshift.tdf                                         ;
+--------------------------------------+-----------------+------------------------------------+-----------------------------------------------------------------------------------------------------------------------+


+-----------------------------------------------------------------------------------------------+
; Analysis & Synthesis Resource Usage Summary                                                   ;
+-----------------------------------+-----------------------------------------------------------+
; Resource                          ; Usage                                                     ;
+-----------------------------------+-----------------------------------------------------------+
; Total logic elements              ; 394                                                       ;
; Total combinational functions     ; 328                                                       ;
;     -- Total 4-input functions    ; 246                                                       ;
;     -- Total 3-input functions    ; 32                                                        ;
;     -- Total 2-input functions    ; 23                                                        ;
;     -- Total 1-input functions    ; 17                                                        ;
;     -- Total 0-input functions    ; 10                                                        ;
; Total registers                   ; 74                                                        ;
; Total logic cells in carry chains ; 44                                                        ;
; I/O pins                          ; 61                                                        ;
; Total memory bits                 ; 6144                                                      ;
; Maximum fan-out node              ; lpm_rom0:inst|lpm_rom:lpm_rom_component|altrom:srom|q[10] ;
; Maximum fan-out                   ; 87                                                        ;
; Total fan-out                     ; 1638                                                      ;
; Average fan-out                   ; 3.42                                                      ;
+-----------------------------------+-----------------------------------------------------------+


+----------------------------------------------------------------------------------------------------------------------------------------------------------------------------------------------------------------------------------------------------------------------------------------+
; Analysis & Synthesis Resource Utilization by Entity                                                                                                                                                                                                                                    ;
+-------------------------------------------+-------------+--------------+-------------+------+--------------+-------------------+------------------+-----------------+------------+--------------------------------------------------------------------------------------+--------------+
; Compilation Hierarchy Node                ; Logic Cells ; LC Registers ; Memory Bits ; Pins ; LUT-Only LCs ; Register-Only LCs ; LUT/Register LCs ; Carry Chain LCs ; Packed LCs ; Full Hierarchy Name                                                                  ; Library Name ;
+-------------------------------------------+-------------+--------------+-------------+------+--------------+-------------------+------------------+-----------------+------------+--------------------------------------------------------------------------------------+--------------+
; |processor_project                        ; 394 (0)     ; 74           ; 6144        ; 61   ; 320 (0)      ; 66 (0)            ; 8 (0)            ; 44 (0)          ; 0 (0)      ; |processor_project                                                                   ; work         ;
;    |alu:inst8|                            ; 225 (175)   ; 0            ; 0           ; 0    ; 225 (175)    ; 0 (0)             ; 0 (0)            ; 36 (0)          ; 0 (0)      ; |processor_project|alu:inst8                                                         ; work         ;
;       |lpm_add_sub:Add0|                  ; 16 (0)      ; 0            ; 0           ; 0    ; 16 (0)       ; 0 (0)             ; 0 (0)            ; 9 (0)           ; 0 (0)      ; |processor_project|alu:inst8|lpm_add_sub:Add0                                        ; work         ;
;          |addcore:adder|                  ; 16 (7)      ; 0            ; 0           ; 0    ; 16 (7)       ; 0 (0)             ; 0 (0)            ; 9 (0)           ; 0 (0)      ; |processor_project|alu:inst8|lpm_add_sub:Add0|addcore:adder                          ; work         ;
;             |a_csnbuffer:result_node|     ; 9 (9)       ; 0            ; 0           ; 0    ; 9 (9)        ; 0 (0)             ; 0 (0)            ; 9 (9)           ; 0 (0)      ; |processor_project|alu:inst8|lpm_add_sub:Add0|addcore:adder|a_csnbuffer:result_node  ; work         ;
;       |lpm_add_sub:Add1|                  ; 9 (0)       ; 0            ; 0           ; 0    ; 9 (0)        ; 0 (0)             ; 0 (0)            ; 9 (0)           ; 0 (0)      ; |processor_project|alu:inst8|lpm_add_sub:Add1                                        ; work         ;
;          |addcore:adder|                  ; 9 (1)       ; 0            ; 0           ; 0    ; 9 (1)        ; 0 (0)             ; 0 (0)            ; 9 (1)           ; 0 (0)      ; |processor_project|alu:inst8|lpm_add_sub:Add1|addcore:adder                          ; work         ;
;             |a_csnbuffer:result_node|     ; 8 (8)       ; 0            ; 0           ; 0    ; 8 (8)        ; 0 (0)             ; 0 (0)            ; 8 (8)           ; 0 (0)      ; |processor_project|alu:inst8|lpm_add_sub:Add1|addcore:adder|a_csnbuffer:result_node  ; work         ;
;       |lpm_add_sub:Add2|                  ; 16 (0)      ; 0            ; 0           ; 0    ; 16 (0)       ; 0 (0)             ; 0 (0)            ; 9 (0)           ; 0 (0)      ; |processor_project|alu:inst8|lpm_add_sub:Add2                                        ; work         ;
;          |addcore:adder|                  ; 16 (7)      ; 0            ; 0           ; 0    ; 16 (7)       ; 0 (0)             ; 0 (0)            ; 9 (0)           ; 0 (0)      ; |processor_project|alu:inst8|lpm_add_sub:Add2|addcore:adder                          ; work         ;
;             |a_csnbuffer:result_node|     ; 9 (9)       ; 0            ; 0           ; 0    ; 9 (9)        ; 0 (0)             ; 0 (0)            ; 9 (9)           ; 0 (0)      ; |processor_project|alu:inst8|lpm_add_sub:Add2|addcore:adder|a_csnbuffer:result_node  ; work         ;
;       |lpm_add_sub:Add3|                  ; 9 (0)       ; 0            ; 0           ; 0    ; 9 (0)        ; 0 (0)             ; 0 (0)            ; 9 (0)           ; 0 (0)      ; |processor_project|alu:inst8|lpm_add_sub:Add3                                        ; work         ;
;          |addcore:adder|                  ; 9 (1)       ; 0            ; 0           ; 0    ; 9 (1)        ; 0 (0)             ; 0 (0)            ; 9 (1)           ; 0 (0)      ; |processor_project|alu:inst8|lpm_add_sub:Add3|addcore:adder                          ; work         ;
;             |a_csnbuffer:result_node|     ; 8 (8)       ; 0            ; 0           ; 0    ; 8 (8)        ; 0 (0)             ; 0 (0)            ; 8 (8)           ; 0 (0)      ; |processor_project|alu:inst8|lpm_add_sub:Add3|addcore:adder|a_csnbuffer:result_node  ; work         ;
;    |block_ron:inst2|                      ; 152 (0)     ; 64           ; 0           ; 0    ; 88 (0)       ; 64 (0)            ; 0 (0)            ; 0 (0)           ; 0 (0)      ; |processor_project|block_ron:inst2                                                   ; work         ;
;       |d_mux:inst8|                       ; 8 (8)       ; 0            ; 0           ; 0    ; 8 (8)        ; 0 (0)             ; 0 (0)            ; 0 (0)           ; 0 (0)      ; |processor_project|block_ron:inst2|d_mux:inst8                                       ; work         ;
;       |mux_bus:inst10|                    ; 40 (40)     ; 0            ; 0           ; 0    ; 40 (40)      ; 0 (0)             ; 0 (0)            ; 0 (0)           ; 0 (0)      ; |processor_project|block_ron:inst2|mux_bus:inst10                                    ; work         ;
;       |mux_bus:inst9|                     ; 40 (40)     ; 0            ; 0           ; 0    ; 40 (40)      ; 0 (0)             ; 0 (0)            ; 0 (0)           ; 0 (0)      ; |processor_project|block_ron:inst2|mux_bus:inst9                                     ; work         ;
;       |reg_8_bit:inst1|                   ; 8 (8)       ; 8            ; 0           ; 0    ; 0 (0)        ; 8 (8)             ; 0 (0)            ; 0 (0)           ; 0 (0)      ; |processor_project|block_ron:inst2|reg_8_bit:inst1                                   ; work         ;
;       |reg_8_bit:inst2|                   ; 8 (8)       ; 8            ; 0           ; 0    ; 0 (0)        ; 8 (8)             ; 0 (0)            ; 0 (0)           ; 0 (0)      ; |processor_project|block_ron:inst2|reg_8_bit:inst2                                   ; work         ;
;       |reg_8_bit:inst3|                   ; 8 (8)       ; 8            ; 0           ; 0    ; 0 (0)        ; 8 (8)             ; 0 (0)            ; 0 (0)           ; 0 (0)      ; |processor_project|block_ron:inst2|reg_8_bit:inst3                                   ; work         ;
;       |reg_8_bit:inst4|                   ; 8 (8)       ; 8            ; 0           ; 0    ; 0 (0)        ; 8 (8)             ; 0 (0)            ; 0 (0)           ; 0 (0)      ; |processor_project|block_ron:inst2|reg_8_bit:inst4                                   ; work         ;
;       |reg_8_bit:inst5|                   ; 8 (8)       ; 8            ; 0           ; 0    ; 0 (0)        ; 8 (8)             ; 0 (0)            ; 0 (0)           ; 0 (0)      ; |processor_project|block_ron:inst2|reg_8_bit:inst5                                   ; work         ;
;       |reg_8_bit:inst6|                   ; 8 (8)       ; 8            ; 0           ; 0    ; 0 (0)        ; 8 (8)             ; 0 (0)            ; 0 (0)           ; 0 (0)      ; |processor_project|block_ron:inst2|reg_8_bit:inst6                                   ; work         ;
;       |reg_8_bit:inst7|                   ; 8 (8)       ; 8            ; 0           ; 0    ; 0 (0)        ; 8 (8)             ; 0 (0)            ; 0 (0)           ; 0 (0)      ; |processor_project|block_ron:inst2|reg_8_bit:inst7                                   ; work         ;
;       |reg_8_bit:inst|                    ; 8 (8)       ; 8            ; 0           ; 0    ; 0 (0)        ; 8 (8)             ; 0 (0)            ; 0 (0)           ; 0 (0)      ; |processor_project|block_ron:inst2|reg_8_bit:inst                                    ; work         ;
;    |control:inst3|                        ; 11 (3)      ; 8            ; 0           ; 0    ; 3 (3)        ; 0 (0)             ; 8 (0)            ; 8 (0)           ; 0 (0)      ; |processor_project|control:inst3                                                     ; work         ;
;       |lpm_counter:ak_rtl_0|              ; 8 (0)       ; 8            ; 0           ; 0    ; 0 (0)        ; 0 (0)             ; 8 (0)            ; 8 (0)           ; 0 (0)      ; |processor_project|control:inst3|lpm_counter:ak_rtl_0                                ; work         ;
;          |alt_counter_f10ke:wysi_counter| ; 8 (8)       ; 8            ; 0           ; 0    ; 0 (0)        ; 0 (0)             ; 8 (8)            ; 8 (8)           ; 0 (0)      ; |processor_project|control:inst3|lpm_counter:ak_rtl_0|alt_counter_f10ke:wysi_counter ; work         ;
;    |lpm_ram_dq0:inst1|                    ; 0 (0)       ; 0            ; 2048        ; 0    ; 0 (0)        ; 0 (0)             ; 0 (0)            ; 0 (0)           ; 0 (0)      ; |processor_project|lpm_ram_dq0:inst1                                                 ; work         ;
;       |lpm_ram_dq:lpm_ram_dq_component|   ; 0 (0)       ; 0            ; 2048        ; 0    ; 0 (0)        ; 0 (0)             ; 0 (0)            ; 0 (0)           ; 0 (0)      ; |processor_project|lpm_ram_dq0:inst1|lpm_ram_dq:lpm_ram_dq_component                 ; work         ;
;          |altram:sram|                    ; 0 (0)       ; 0            ; 2048        ; 0    ; 0 (0)        ; 0 (0)             ; 0 (0)            ; 0 (0)           ; 0 (0)      ; |processor_project|lpm_ram_dq0:inst1|lpm_ram_dq:lpm_ram_dq_component|altram:sram     ; work         ;
;    |lpm_rom0:inst|                        ; 0 (0)       ; 0            ; 4096        ; 0    ; 0 (0)        ; 0 (0)             ; 0 (0)            ; 0 (0)           ; 0 (0)      ; |processor_project|lpm_rom0:inst                                                     ; work         ;
;       |lpm_rom:lpm_rom_component|         ; 0 (0)       ; 0            ; 4096        ; 0    ; 0 (0)        ; 0 (0)             ; 0 (0)            ; 0 (0)           ; 0 (0)      ; |processor_project|lpm_rom0:inst|lpm_rom:lpm_rom_component                           ; work         ;
;          |altrom:srom|                    ; 0 (0)       ; 0            ; 4096        ; 0    ; 0 (0)        ; 0 (0)             ; 0 (0)            ; 0 (0)           ; 0 (0)      ; |processor_project|lpm_rom0:inst|lpm_rom:lpm_rom_component|altrom:srom               ; work         ;
;    |reg_flags:inst5|                      ; 2 (2)       ; 2            ; 0           ; 0    ; 0 (0)        ; 2 (2)             ; 0 (0)            ; 0 (0)           ; 0 (0)      ; |processor_project|reg_flags:inst5                                                   ; work         ;
;    |sync_wr:inst6|                        ; 4 (4)       ; 0            ; 0           ; 0    ; 4 (4)        ; 0 (0)             ; 0 (0)            ; 0 (0)           ; 0 (0)      ; |processor_project|sync_wr:inst6                                                     ; work         ;
+-------------------------------------------+-------------+--------------+-------------+------+--------------+-------------------+------------------+-----------------+------------+--------------------------------------------------------------------------------------+--------------+
Note: For table entries with two numbers listed, the numbers in parentheses indicate the number of resources of the given type used by the specific entity alone. The numbers listed outside of parentheses indicate the total resources of the given type used by the specific entity and all of its sub-entities in the hierarchy.


+----------------------------------------------------------------------------------------------------------------------------------------------------------------------+
; Analysis & Synthesis RAM Summary                                                                                                                                     ;
+-----------------------------------------------------------------------+-------------+--------------+--------------+--------------+--------------+------+-------------+
; Name                                                                  ; Mode        ; Port A Depth ; Port A Width ; Port B Depth ; Port B Width ; Size ; MIF         ;
+-----------------------------------------------------------------------+-------------+--------------+--------------+--------------+--------------+------+-------------+
; lpm_ram_dq0:inst1|lpm_ram_dq:lpm_ram_dq_component|altram:sram|content ; Single Port ; 256          ; 8            ; --           ; --           ; 2048 ; RAM_ini.mif ;
; lpm_rom0:inst|lpm_rom:lpm_rom_component|altrom:srom|content           ; ROM         ; 256          ; 16           ; --           ; --           ; 4096 ; ROM_ini.mif ;
+-----------------------------------------------------------------------+-------------+--------------+--------------+--------------+--------------+------+-------------+


+---------------------------------------------------------------------------------------------------+
; User-Specified and Inferred Latches                                                               ;
+----------------------------------------------------+---------------------+------------------------+
; Latch Name                                         ; Latch Enable Signal ; Free of Timing Hazards ;
+----------------------------------------------------+---------------------+------------------------+
; alu:inst8|q[7]                                     ; alu:inst8|q[7]~27   ; yes                    ;
; alu:inst8|q[6]                                     ; alu:inst8|q[7]~27   ; yes                    ;
; alu:inst8|q[5]                                     ; alu:inst8|q[7]~27   ; yes                    ;
; alu:inst8|q[4]                                     ; alu:inst8|q[7]~27   ; yes                    ;
; alu:inst8|q[3]                                     ; alu:inst8|q[7]~27   ; yes                    ;
; alu:inst8|q[2]                                     ; alu:inst8|q[7]~27   ; yes                    ;
; alu:inst8|q[1]                                     ; alu:inst8|q[7]~27   ; yes                    ;
; alu:inst8|q[0]                                     ; alu:inst8|q[7]~27   ; yes                    ;
; alu:inst8|cl                                       ; alu:inst8|cl~4      ; yes                    ;
; Number of user-specified and inferred latches = 9  ;                     ;                        ;
+----------------------------------------------------+---------------------+------------------------+
Note: All latches listed above may not be present at the end of synthesis due to various synthesis optimizations.


+------------------------------------------------------+
; General Register Statistics                          ;
+----------------------------------------------+-------+
; Statistic                                    ; Value ;
+----------------------------------------------+-------+
; Total registers                              ; 74    ;
; Number of registers using Synchronous Clear  ; 0     ;
; Number of registers using Synchronous Load   ; 8     ;
; Number of registers using Asynchronous Clear ; 0     ;
; Number of registers using Asynchronous Load  ; 0     ;
; Number of registers using Clock Enable       ; 0     ;
; Number of registers using Preset             ; 0     ;
+----------------------------------------------+-------+


+-----------------------------------------------------------+
; Source assignments for control:inst3|lpm_counter:ak_rtl_0 ;
+---------------------------+-------+------+----------------+
; Assignment                ; Value ; From ; To             ;
+---------------------------+-------+------+----------------+
; SUPPRESS_DA_RULE_INTERNAL ; a101  ; -    ; -              ;
; SUPPRESS_DA_RULE_INTERNAL ; s102  ; -    ; -              ;
; SUPPRESS_DA_RULE_INTERNAL ; s103  ; -    ; -              ;
+---------------------------+-------+------+----------------+


+-----------------------------------------------------------------+
; Source assignments for alu:inst8|lpm_add_sub:Add0|addcore:adder ;
+---------------------------+-------+------+----------------------+
; Assignment                ; Value ; From ; To                   ;
+---------------------------+-------+------+----------------------+
; SUPPRESS_DA_RULE_INTERNAL ; A103  ; -    ; -                    ;
+---------------------------+-------+------+----------------------+


+-----------------------------------------------------------------+
; Source assignments for alu:inst8|lpm_add_sub:Add1|addcore:adder ;
+---------------------------+-------+------+----------------------+
; Assignment                ; Value ; From ; To                   ;
+---------------------------+-------+------+----------------------+
; SUPPRESS_DA_RULE_INTERNAL ; A103  ; -    ; -                    ;
+---------------------------+-------+------+----------------------+


+-----------------------------------------------------------------+
; Source assignments for alu:inst8|lpm_add_sub:Add2|addcore:adder ;
+---------------------------+-------+------+----------------------+
; Assignment                ; Value ; From ; To                   ;
+---------------------------+-------+------+----------------------+
; SUPPRESS_DA_RULE_INTERNAL ; A103  ; -    ; -                    ;
+---------------------------+-------+------+----------------------+


+-----------------------------------------------------------------+
; Source assignments for alu:inst8|lpm_add_sub:Add3|addcore:adder ;
+---------------------------+-------+------+----------------------+
; Assignment                ; Value ; From ; To                   ;
+---------------------------+-------+------+----------------------+
; SUPPRESS_DA_RULE_INTERNAL ; A103  ; -    ; -                    ;
+---------------------------+-------+------+----------------------+


+--------------------------------------------------------------------------------------+
; Parameter Settings for User Entity Instance: lpm_rom0:inst|lpm_rom:lpm_rom_component ;
+------------------------+--------------+----------------------------------------------+
; Parameter Name         ; Value        ; Type                                         ;
+------------------------+--------------+----------------------------------------------+
; LPM_WIDTH              ; 16           ; Signed Integer                               ;
; LPM_WIDTHAD            ; 8            ; Signed Integer                               ;
; LPM_NUMWORDS           ; 256          ; Untyped                                      ;
; LPM_ADDRESS_CONTROL    ; UNREGISTERED ; Untyped                                      ;
; LPM_OUTDATA            ; UNREGISTERED ; Untyped                                      ;
; LPM_FILE               ; ROM_ini.mif  ; Untyped                                      ;
; DEVICE_FAMILY          ; FLEX10K      ; Untyped                                      ;
; AUTO_CARRY_CHAINS      ; ON           ; AUTO_CARRY                                   ;
; IGNORE_CARRY_BUFFERS   ; OFF          ; IGNORE_CARRY                                 ;
; AUTO_CASCADE_CHAINS    ; ON           ; AUTO_CASCADE                                 ;
; IGNORE_CASCADE_BUFFERS ; OFF          ; IGNORE_CASCADE                               ;
+------------------------+--------------+----------------------------------------------+
Note: In order to hide this table in the UI and the text report file, please set the "Show Parameter Settings Tables in Synthesis Report" option in "Analysis and Synthesis Settings -> More Settings" to "Off".


+------------------------------------------------------------------------------------------------+
; Parameter Settings for User Entity Instance: lpm_ram_dq0:inst1|lpm_ram_dq:lpm_ram_dq_component ;
+------------------------+--------------+--------------------------------------------------------+
; Parameter Name         ; Value        ; Type                                                   ;
+------------------------+--------------+--------------------------------------------------------+
; LPM_WIDTH              ; 8            ; Signed Integer                                         ;
; LPM_WIDTHAD            ; 8            ; Signed Integer                                         ;
; LPM_NUMWORDS           ; 256          ; Untyped                                                ;
; LPM_INDATA             ; REGISTERED   ; Untyped                                                ;
; LPM_ADDRESS_CONTROL    ; REGISTERED   ; Untyped                                                ;
; LPM_OUTDATA            ; UNREGISTERED ; Untyped                                                ;
; LPM_FILE               ; RAM_ini.mif  ; Untyped                                                ;
; USE_EAB                ; ON           ; Untyped                                                ;
; DEVICE_FAMILY          ; FLEX10K      ; Untyped                                                ;
; CBXI_PARAMETER         ; NOTHING      ; Untyped                                                ;
; AUTO_CARRY_CHAINS      ; ON           ; AUTO_CARRY                                             ;
; IGNORE_CARRY_BUFFERS   ; OFF          ; IGNORE_CARRY                                           ;
; AUTO_CASCADE_CHAINS    ; ON           ; AUTO_CASCADE                                           ;
; IGNORE_CASCADE_BUFFERS ; OFF          ; IGNORE_CASCADE                                         ;
+------------------------+--------------+--------------------------------------------------------+
Note: In order to hide this table in the UI and the text report file, please set the "Show Parameter Settings Tables in Synthesis Report" option in "Analysis and Synthesis Settings -> More Settings" to "Off".


+-------------------------------------------------------------------------------------+
; Parameter Settings for Inferred Entity Instance: control:inst3|lpm_counter:ak_rtl_0 ;
+------------------------+-------------------+----------------------------------------+
; Parameter Name         ; Value             ; Type                                   ;
+------------------------+-------------------+----------------------------------------+
; AUTO_CARRY_CHAINS      ; ON                ; AUTO_CARRY                             ;
; IGNORE_CARRY_BUFFERS   ; OFF               ; IGNORE_CARRY                           ;
; AUTO_CASCADE_CHAINS    ; ON                ; AUTO_CASCADE                           ;
; IGNORE_CASCADE_BUFFERS ; OFF               ; IGNORE_CASCADE                         ;
; LPM_WIDTH              ; 8                 ; Untyped                                ;
; LPM_DIRECTION          ; UP                ; Untyped                                ;
; LPM_MODULUS            ; 0                 ; Untyped                                ;
; LPM_AVALUE             ; UNUSED            ; Untyped                                ;
; LPM_SVALUE             ; UNUSED            ; Untyped                                ;
; LPM_PORT_UPDOWN        ; PORT_CONNECTIVITY ; Untyped                                ;
; DEVICE_FAMILY          ; FLEX10K           ; Untyped                                ;
; CARRY_CHAIN            ; MANUAL            ; Untyped                                ;
; CARRY_CHAIN_LENGTH     ; 48                ; CARRY_CHAIN_LENGTH                     ;
; NOT_GATE_PUSH_BACK     ; ON                ; NOT_GATE_PUSH_BACK                     ;
; CARRY_CNT_EN           ; SMART             ; Untyped                                ;
; LABWIDE_SCLR           ; ON                ; Untyped                                ;
; USE_NEW_VERSION        ; TRUE              ; Untyped                                ;
; CBXI_PARAMETER         ; NOTHING           ; Untyped                                ;
+------------------------+-------------------+----------------------------------------+
Note: In order to hide this table in the UI and the text report file, please set the "Show Parameter Settings Tables in Synthesis Report" option in "Analysis and Synthesis Settings -> More Settings" to "Off".


+-----------------------------------------------------------------------------+
; Parameter Settings for Inferred Entity Instance: alu:inst8|lpm_add_sub:Add0 ;
+------------------------+-------------+--------------------------------------+
; Parameter Name         ; Value       ; Type                                 ;
+------------------------+-------------+--------------------------------------+
; LPM_WIDTH              ; 9           ; Untyped                              ;
; LPM_REPRESENTATION     ; UNSIGNED    ; Untyped                              ;
; LPM_DIRECTION          ; ADD         ; Untyped                              ;
; ONE_INPUT_IS_CONSTANT  ; NO          ; Untyped                              ;
; LPM_PIPELINE           ; 0           ; Untyped                              ;
; MAXIMIZE_SPEED         ; 5           ; Untyped                              ;
; REGISTERED_AT_END      ; 0           ; Untyped                              ;
; OPTIMIZE_FOR_SPEED     ; 1           ; Untyped                              ;
; USE_CS_BUFFERS         ; 1           ; Untyped                              ;
; CARRY_CHAIN            ; MANUAL      ; Untyped                              ;
; CARRY_CHAIN_LENGTH     ; 48          ; CARRY_CHAIN_LENGTH                   ;
; DEVICE_FAMILY          ; FLEX10K     ; Untyped                              ;
; USE_WYS                ; OFF         ; Untyped                              ;
; STYLE                  ; FAST        ; Untyped                              ;
; CBXI_PARAMETER         ; add_sub_sjh ; Untyped                              ;
; AUTO_CARRY_CHAINS      ; ON          ; AUTO_CARRY                           ;
; IGNORE_CARRY_BUFFERS   ; OFF         ; IGNORE_CARRY                         ;
; AUTO_CASCADE_CHAINS    ; ON          ; AUTO_CASCADE                         ;
; IGNORE_CASCADE_BUFFERS ; OFF         ; IGNORE_CASCADE                       ;
+------------------------+-------------+--------------------------------------+
Note: In order to hide this table in the UI and the text report file, please set the "Show Parameter Settings Tables in Synthesis Report" option in "Analysis and Synthesis Settings -> More Settings" to "Off".


+-----------------------------------------------------------------------------+
; Parameter Settings for Inferred Entity Instance: alu:inst8|lpm_add_sub:Add1 ;
+------------------------+-------------+--------------------------------------+
; Parameter Name         ; Value       ; Type                                 ;
+------------------------+-------------+--------------------------------------+
; LPM_WIDTH              ; 9           ; Untyped                              ;
; LPM_REPRESENTATION     ; UNSIGNED    ; Untyped                              ;
; LPM_DIRECTION          ; ADD         ; Untyped                              ;
; ONE_INPUT_IS_CONSTANT  ; NO          ; Untyped                              ;
; LPM_PIPELINE           ; 0           ; Untyped                              ;
; MAXIMIZE_SPEED         ; 5           ; Untyped                              ;
; REGISTERED_AT_END      ; 0           ; Untyped                              ;
; OPTIMIZE_FOR_SPEED     ; 1           ; Untyped                              ;
; USE_CS_BUFFERS         ; 1           ; Untyped                              ;
; CARRY_CHAIN            ; MANUAL      ; Untyped                              ;
; CARRY_CHAIN_LENGTH     ; 48          ; CARRY_CHAIN_LENGTH                   ;
; DEVICE_FAMILY          ; FLEX10K     ; Untyped                              ;
; USE_WYS                ; OFF         ; Untyped                              ;
; STYLE                  ; FAST        ; Untyped                              ;
; CBXI_PARAMETER         ; add_sub_sjh ; Untyped                              ;
; AUTO_CARRY_CHAINS      ; ON          ; AUTO_CARRY                           ;
; IGNORE_CARRY_BUFFERS   ; OFF         ; IGNORE_CARRY                         ;
; AUTO_CASCADE_CHAINS    ; ON          ; AUTO_CASCADE                         ;
; IGNORE_CASCADE_BUFFERS ; OFF         ; IGNORE_CASCADE                       ;
+------------------------+-------------+--------------------------------------+
Note: In order to hide this table in the UI and the text report file, please set the "Show Parameter Settings Tables in Synthesis Report" option in "Analysis and Synthesis Settings -> More Settings" to "Off".


+-----------------------------------------------------------------------------+
; Parameter Settings for Inferred Entity Instance: alu:inst8|lpm_add_sub:Add2 ;
+------------------------+-------------+--------------------------------------+
; Parameter Name         ; Value       ; Type                                 ;
+------------------------+-------------+--------------------------------------+
; LPM_WIDTH              ; 9           ; Untyped                              ;
; LPM_REPRESENTATION     ; UNSIGNED    ; Untyped                              ;
; LPM_DIRECTION          ; ADD         ; Untyped                              ;
; ONE_INPUT_IS_CONSTANT  ; NO          ; Untyped                              ;
; LPM_PIPELINE           ; 0           ; Untyped                              ;
; MAXIMIZE_SPEED         ; 5           ; Untyped                              ;
; REGISTERED_AT_END      ; 0           ; Untyped                              ;
; OPTIMIZE_FOR_SPEED     ; 1           ; Untyped                              ;
; USE_CS_BUFFERS         ; 1           ; Untyped                              ;
; CARRY_CHAIN            ; MANUAL      ; Untyped                              ;
; CARRY_CHAIN_LENGTH     ; 48          ; CARRY_CHAIN_LENGTH                   ;
; DEVICE_FAMILY          ; FLEX10K     ; Untyped                              ;
; USE_WYS                ; OFF         ; Untyped                              ;
; STYLE                  ; FAST        ; Untyped                              ;
; CBXI_PARAMETER         ; add_sub_sjh ; Untyped                              ;
; AUTO_CARRY_CHAINS      ; ON          ; AUTO_CARRY                           ;
; IGNORE_CARRY_BUFFERS   ; OFF         ; IGNORE_CARRY                         ;
; AUTO_CASCADE_CHAINS    ; ON          ; AUTO_CASCADE                         ;
; IGNORE_CASCADE_BUFFERS ; OFF         ; IGNORE_CASCADE                       ;
+------------------------+-------------+--------------------------------------+
Note: In order to hide this table in the UI and the text report file, please set the "Show Parameter Settings Tables in Synthesis Report" option in "Analysis and Synthesis Settings -> More Settings" to "Off".


+-----------------------------------------------------------------------------+
; Parameter Settings for Inferred Entity Instance: alu:inst8|lpm_add_sub:Add3 ;
+------------------------+-------------+--------------------------------------+
; Parameter Name         ; Value       ; Type                                 ;
+------------------------+-------------+--------------------------------------+
; LPM_WIDTH              ; 9           ; Untyped                              ;
; LPM_REPRESENTATION     ; UNSIGNED    ; Untyped                              ;
; LPM_DIRECTION          ; ADD         ; Untyped                              ;
; ONE_INPUT_IS_CONSTANT  ; NO          ; Untyped                              ;
; LPM_PIPELINE           ; 0           ; Untyped                              ;
; MAXIMIZE_SPEED         ; 5           ; Untyped                              ;
; REGISTERED_AT_END      ; 0           ; Untyped                              ;
; OPTIMIZE_FOR_SPEED     ; 1           ; Untyped                              ;
; USE_CS_BUFFERS         ; 1           ; Untyped                              ;
; CARRY_CHAIN            ; MANUAL      ; Untyped                              ;
; CARRY_CHAIN_LENGTH     ; 48          ; CARRY_CHAIN_LENGTH                   ;
; DEVICE_FAMILY          ; FLEX10K     ; Untyped                              ;
; USE_WYS                ; OFF         ; Untyped                              ;
; STYLE                  ; FAST        ; Untyped                              ;
; CBXI_PARAMETER         ; add_sub_sjh ; Untyped                              ;
; AUTO_CARRY_CHAINS      ; ON          ; AUTO_CARRY                           ;
; IGNORE_CARRY_BUFFERS   ; OFF         ; IGNORE_CARRY                         ;
; AUTO_CASCADE_CHAINS    ; ON          ; AUTO_CASCADE                         ;
; IGNORE_CASCADE_BUFFERS ; OFF         ; IGNORE_CASCADE                       ;
+------------------------+-------------+--------------------------------------+
Note: In order to hide this table in the UI and the text report file, please set the "Show Parameter Settings Tables in Synthesis Report" option in "Analysis and Synthesis Settings -> More Settings" to "Off".


+-------------------------------+
; Analysis & Synthesis Messages ;
+-------------------------------+
Info: *******************************************************************
Info: Running Quartus II Analysis & Synthesis
    Info: Version 8.1 Build 163 10/28/2008 SJ Web Edition
    Info: Processing started: Mon Dec 02 14:14:42 2019
Info: Command: quartus_map --read_settings_files=on --write_settings_files=off processor_project -c processor_project
Info: Found 1 design units, including 1 entities, in source file ../Syncronise/sync_wr.v
    Info: Found entity 1: sync_wr
Info: Found 1 design units, including 1 entities, in source file ../Control_Block/control.v
    Info: Found entity 1: control
Info: Found 1 design units, including 1 entities, in source file ../Block_RON/reg_8_bit/reg_8_bit.v
    Info: Found entity 1: reg_8_bit
Info: Found 1 design units, including 1 entities, in source file ../Block_RON/mux_bus/mux_bus.v
    Info: Found entity 1: mux_bus
Info: Found 1 design units, including 1 entities, in source file ../Block_RON/d_mux/d_mux.v
    Info: Found entity 1: d_mux
Info: Found 1 design units, including 1 entities, in source file ../Block_RON/block_ron/block_ron.bdf
    Info: Found entity 1: block_ron
Info: Found 1 design units, including 1 entities, in source file ../Block_Flags/reg_flags.v
    Info: Found entity 1: reg_flags
Info: Found 1 design units, including 1 entities, in source file ../ALU_Block/alu.v
    Info: Found entity 1: alu
Info: Found 1 design units, including 1 entities, in source file processor_project.bdf
    Info: Found entity 1: processor_project
Info: Found 1 design units, including 1 entities, in source file lpm_rom0.v
    Info: Found entity 1: lpm_rom0
Info: Found 1 design units, including 1 entities, in source file lpm_ram_dq0.v
    Info: Found entity 1: lpm_ram_dq0
Info: Elaborating entity "processor_project" for the top level hierarchy
Info: Elaborating entity "sync_wr" for hierarchy "sync_wr:inst6"
Info: Elaborating entity "lpm_rom0" for hierarchy "lpm_rom0:inst"
Info: Elaborating entity "lpm_rom" for hierarchy "lpm_rom0:inst|lpm_rom:lpm_rom_component"
Info: Elaborated megafunction instantiation "lpm_rom0:inst|lpm_rom:lpm_rom_component"
Info: Instantiated megafunction "lpm_rom0:inst|lpm_rom:lpm_rom_component" with the following parameter:
    Info: Parameter "intended_device_family" = "FLEX10K"
    Info: Parameter "lpm_address_control" = "UNREGISTERED"
    Info: Parameter "lpm_file" = "ROM_ini.mif"
    Info: Parameter "lpm_outdata" = "UNREGISTERED"
    Info: Parameter "lpm_type" = "LPM_ROM"
    Info: Parameter "lpm_width" = "16"
    Info: Parameter "lpm_widthad" = "8"
Info: Elaborating entity "altrom" for hierarchy "lpm_rom0:inst|lpm_rom:lpm_rom_component|altrom:srom"
Info: Elaborated megafunction instantiation "lpm_rom0:inst|lpm_rom:lpm_rom_component|altrom:srom", which is child of megafunction instantiation "lpm_rom0:inst|lpm_rom:lpm_rom_component"
Info: Elaborating entity "control" for hierarchy "control:inst3"
Warning (10230): Verilog HDL assignment warning at control.v(13): truncated value with size 32 to match size of target (8)
Info: Elaborating entity "reg_flags" for hierarchy "reg_flags:inst5"
Info: Elaborating entity "alu" for hierarchy "alu:inst8"
Warning (10270): Verilog HDL Case Statement warning at alu.v(18): incomplete case statement has no default case item
Warning (10270): Verilog HDL Case Statement warning at alu.v(28): incomplete case statement has no default case item
Warning (10230): Verilog HDL assignment warning at alu.v(41): truncated value with size 9 to match size of target (8)
Warning (10270): Verilog HDL Case Statement warning at alu.v(38): incomplete case statement has no default case item
Warning (10240): Verilog HDL Always Construct warning at alu.v(17): inferring latch(es) for variable "cl", which holds its previous value in one or more paths through the always construct
Warning (10240): Verilog HDL Always Construct warning at alu.v(17): inferring latch(es) for variable "q", which holds its previous value in one or more paths through the always construct
Info (10041): Inferred latch for "q[0]" at alu.v(27)
Info (10041): Inferred latch for "q[1]" at alu.v(27)
Info (10041): Inferred latch for "q[2]" at alu.v(27)
Info (10041): Inferred latch for "q[3]" at alu.v(27)
Info (10041): Inferred latch for "q[4]" at alu.v(27)
Info (10041): Inferred latch for "q[5]" at alu.v(27)
Info (10041): Inferred latch for "q[6]" at alu.v(27)
Info (10041): Inferred latch for "q[7]" at alu.v(27)
Info (10041): Inferred latch for "cl" at alu.v(27)
Info: Elaborating entity "lpm_ram_dq0" for hierarchy "lpm_ram_dq0:inst1"
Info: Elaborating entity "lpm_ram_dq" for hierarchy "lpm_ram_dq0:inst1|lpm_ram_dq:lpm_ram_dq_component"
Info: Elaborated megafunction instantiation "lpm_ram_dq0:inst1|lpm_ram_dq:lpm_ram_dq_component"
Info: Instantiated megafunction "lpm_ram_dq0:inst1|lpm_ram_dq:lpm_ram_dq_component" with the following parameter:
    Info: Parameter "intended_device_family" = "FLEX10K"
    Info: Parameter "lpm_address_control" = "REGISTERED"
    Info: Parameter "lpm_file" = "RAM_ini.mif"
    Info: Parameter "lpm_indata" = "REGISTERED"
    Info: Parameter "lpm_outdata" = "UNREGISTERED"
    Info: Parameter "lpm_type" = "LPM_RAM_DQ"
    Info: Parameter "lpm_width" = "8"
    Info: Parameter "lpm_widthad" = "8"
Info: Elaborating entity "altram" for hierarchy "lpm_ram_dq0:inst1|lpm_ram_dq:lpm_ram_dq_component|altram:sram"
Info: Elaborated megafunction instantiation "lpm_ram_dq0:inst1|lpm_ram_dq:lpm_ram_dq_component|altram:sram", which is child of megafunction instantiation "lpm_ram_dq0:inst1|lpm_ram_dq:lpm_ram_dq_component"
Info: Elaborating entity "block_ron" for hierarchy "block_ron:inst2"
Info: Elaborating entity "mux_bus" for hierarchy "block_ron:inst2|mux_bus:inst9"
Info: Elaborating entity "reg_8_bit" for hierarchy "block_ron:inst2|reg_8_bit:inst"
Info: Elaborating entity "d_mux" for hierarchy "block_ron:inst2|d_mux:inst8"
Info: Inferred 1 megafunctions from design logic
    Info: Inferred lpm_counter megafunction (LPM_WIDTH=8) from the following logic: "control:inst3|ak[0]~8"
Info: Inferred 4 megafunctions from design logic
    Info: Inferred adder/subtractor megafunction ("lpm_add_sub") from the following logic: "alu:inst8|Add0"
    Info: Inferred adder/subtractor megafunction ("lpm_add_sub") from the following logic: "alu:inst8|Add1"
    Info: Inferred adder/subtractor megafunction ("lpm_add_sub") from the following logic: "alu:inst8|Add2"
    Info: Inferred adder/subtractor megafunction ("lpm_add_sub") from the following logic: "alu:inst8|Add3"
Info: Elaborated megafunction instantiation "control:inst3|lpm_counter:ak_rtl_0"
Info: Instantiated megafunction "control:inst3|lpm_counter:ak_rtl_0" with the following parameter:
    Info: Parameter "LPM_WIDTH" = "8"
    Info: Parameter "LPM_DIRECTION" = "UP"
    Info: Parameter "LPM_TYPE" = "LPM_COUNTER"
Info: Elaborated megafunction instantiation "control:inst3|lpm_counter:ak_rtl_0|alt_counter_f10ke:wysi_counter", which is child of megafunction instantiation "control:inst3|lpm_counter:ak_rtl_0"
Info: Elaborated megafunction instantiation "alu:inst8|lpm_add_sub:Add0"
Info: Instantiated megafunction "alu:inst8|lpm_add_sub:Add0" with the following parameter:
    Info: Parameter "LPM_WIDTH" = "9"
    Info: Parameter "LPM_DIRECTION" = "ADD"
    Info: Parameter "LPM_REPRESENTATION" = "UNSIGNED"
    Info: Parameter "ONE_INPUT_IS_CONSTANT" = "NO"
Info: Elaborated megafunction instantiation "alu:inst8|lpm_add_sub:Add0|addcore:adder", which is child of megafunction instantiation "alu:inst8|lpm_add_sub:Add0"
Info: Elaborated megafunction instantiation "alu:inst8|lpm_add_sub:Add0|addcore:adder|a_csnbuffer:oflow_node", which is child of megafunction instantiation "alu:inst8|lpm_add_sub:Add0"
Info: Elaborated megafunction instantiation "alu:inst8|lpm_add_sub:Add0|addcore:adder|a_csnbuffer:result_node", which is child of megafunction instantiation "alu:inst8|lpm_add_sub:Add0"
Info: Elaborated megafunction instantiation "alu:inst8|lpm_add_sub:Add0|altshift:result_ext_latency_ffs", which is child of megafunction instantiation "alu:inst8|lpm_add_sub:Add0"
Info: Elaborated megafunction instantiation "alu:inst8|lpm_add_sub:Add0|altshift:carry_ext_latency_ffs", which is child of megafunction instantiation "alu:inst8|lpm_add_sub:Add0"
Info: Elaborated megafunction instantiation "alu:inst8|lpm_add_sub:Add1"
Info: Instantiated megafunction "alu:inst8|lpm_add_sub:Add1" with the following parameter:
    Info: Parameter "LPM_WIDTH" = "9"
    Info: Parameter "LPM_DIRECTION" = "ADD"
    Info: Parameter "LPM_REPRESENTATION" = "UNSIGNED"
    Info: Parameter "ONE_INPUT_IS_CONSTANT" = "NO"
Warning: Always-enabled tri-state buffer(s) removed
    Warning: Converted the fanout from the always-enabled tri-state buffer "lpm_rom0:inst|lpm_rom:lpm_rom_component|otri[11]" to the node "k[11]" into a wire
    Warning: Converted the fanout from the always-enabled tri-state buffer "lpm_rom0:inst|lpm_rom:lpm_rom_component|otri[15]" to the node "k[15]" into a wire
    Warning: Converted the fanout from the always-enabled tri-state buffer "lpm_rom0:inst|lpm_rom:lpm_rom_component|otri[13]" to the node "k[13]" into a wire
    Warning: Converted the fanout from the always-enabled tri-state buffer "lpm_rom0:inst|lpm_rom:lpm_rom_component|otri[14]" to the node "k[14]" into a wire
    Warning: Converted the fanout from the always-enabled tri-state buffer "lpm_rom0:inst|lpm_rom:lpm_rom_component|otri[0]" to the node "k[0]" into a wire
    Warning: Converted the fanout from the always-enabled tri-state buffer "lpm_rom0:inst|lpm_rom:lpm_rom_component|otri[12]" to the node "k[12]" into a wire
    Warning: Converted the fanout from the always-enabled tri-state buffer "lpm_rom0:inst|lpm_rom:lpm_rom_component|otri[10]" to the node "k[10]" into a wire
    Warning: Converted the fanout from the always-enabled tri-state buffer "lpm_rom0:inst|lpm_rom:lpm_rom_component|otri[9]" to the node "k[9]" into a wire
    Warning: Converted the fanout from the always-enabled tri-state buffer "lpm_rom0:inst|lpm_rom:lpm_rom_component|otri[8]" to the node "k[8]" into a wire
    Warning: Converted the fanout from the always-enabled tri-state buffer "lpm_rom0:inst|lpm_rom:lpm_rom_component|otri[7]" to the node "k[7]" into a wire
    Warning: Converted the fanout from the always-enabled tri-state buffer "lpm_rom0:inst|lpm_rom:lpm_rom_component|otri[6]" to the node "k[6]" into a wire
    Warning: Converted the fanout from the always-enabled tri-state buffer "lpm_rom0:inst|lpm_rom:lpm_rom_component|otri[5]" to the node "k[5]" into a wire
    Warning: Converted the fanout from the always-enabled tri-state buffer "lpm_rom0:inst|lpm_rom:lpm_rom_component|otri[4]" to the node "k[4]" into a wire
    Warning: Converted the fanout from the always-enabled tri-state buffer "lpm_rom0:inst|lpm_rom:lpm_rom_component|otri[3]" to the node "k[3]" into a wire
    Warning: Converted the fanout from the always-enabled tri-state buffer "lpm_rom0:inst|lpm_rom:lpm_rom_component|otri[2]" to the node "k[2]" into a wire
    Warning: Converted the fanout from the always-enabled tri-state buffer "lpm_rom0:inst|lpm_rom:lpm_rom_component|otri[1]" to the node "k[1]" into a wire
Warning: Tri-state node(s) do not directly drive top-level pin(s)
    Warning: Converted the fan-out from the tri-state buffer "lpm_rom0:inst|lpm_rom:lpm_rom_component|otri[15]" to the node "alu:inst8|cl" into an OR gate
    Warning: Converted the fan-out from the tri-state buffer "lpm_rom0:inst|lpm_rom:lpm_rom_component|otri[13]" to the node "sync_wr:inst6|w_r" into an OR gate
    Warning: Converted the fan-out from the tri-state buffer "lpm_rom0:inst|lpm_rom:lpm_rom_component|otri[14]" to the node "sync_wr:inst6|w_r" into an OR gate
    Warning: Converted the fan-out from the tri-state buffer "lpm_rom0:inst|lpm_rom:lpm_rom_component|otri[0]" to the node "alu:inst8|concat" into an OR gate
    Warning: Converted the fan-out from the tri-state buffer "lpm_rom0:inst|lpm_rom:lpm_rom_component|otri[12]" to the node "alu:inst8|Equal0" into an OR gate
    Warning: Converted the fan-out from the tri-state buffer "lpm_rom0:inst|lpm_rom:lpm_rom_component|otri[10]" to the node "control:inst3|jmp" into an OR gate
    Warning: Converted the fan-out from the tri-state buffer "lpm_rom0:inst|lpm_rom:lpm_rom_component|otri[9]" to the node "control:inst3|jmp" into an OR gate
    Warning: Converted the fan-out from the tri-state buffer "lpm_rom0:inst|lpm_rom:lpm_rom_component|otri[8]" to the node "control:inst3|jmp" into an OR gate
    Warning: Converted the fan-out from the tri-state buffer "lpm_rom0:inst|lpm_rom:lpm_rom_component|otri[7]" to the node "alu:inst8|concat" into an OR gate
    Warning: Converted the fan-out from the tri-state buffer "lpm_rom0:inst|lpm_rom:lpm_rom_component|otri[6]" to the node "alu:inst8|concat" into an OR gate
    Warning: Converted the fan-out from the tri-state buffer "lpm_rom0:inst|lpm_rom:lpm_rom_component|otri[5]" to the node "alu:inst8|concat" into an OR gate
    Warning: Converted the fan-out from the tri-state buffer "lpm_rom0:inst|lpm_rom:lpm_rom_component|otri[4]" to the node "alu:inst8|concat" into an OR gate
    Warning: Converted the fan-out from the tri-state buffer "lpm_rom0:inst|lpm_rom:lpm_rom_component|otri[3]" to the node "alu:inst8|concat" into an OR gate
    Warning: Converted the fan-out from the tri-state buffer "lpm_rom0:inst|lpm_rom:lpm_rom_component|otri[2]" to the node "alu:inst8|concat" into an OR gate
    Warning: Converted the fan-out from the tri-state buffer "lpm_rom0:inst|lpm_rom:lpm_rom_component|otri[1]" to the node "alu:inst8|concat" into an OR gate
Warning: Latch alu:inst8|q[7] has unsafe behavior
    Warning: Ports D and ENA on the latch are fed by the same signal lpm_rom0:inst|lpm_rom:lpm_rom_component|altrom:srom|q[15]
Warning: Latch alu:inst8|q[6] has unsafe behavior
    Warning: Ports D and ENA on the latch are fed by the same signal lpm_rom0:inst|lpm_rom:lpm_rom_component|altrom:srom|q[15]
Warning: Latch alu:inst8|q[5] has unsafe behavior
    Warning: Ports D and ENA on the latch are fed by the same signal lpm_rom0:inst|lpm_rom:lpm_rom_component|altrom:srom|q[15]
Warning: Latch alu:inst8|q[4] has unsafe behavior
    Warning: Ports D and ENA on the latch are fed by the same signal lpm_rom0:inst|lpm_rom:lpm_rom_component|altrom:srom|q[15]
Warning: Latch alu:inst8|q[3] has unsafe behavior
    Warning: Ports D and ENA on the latch are fed by the same signal lpm_rom0:inst|lpm_rom:lpm_rom_component|altrom:srom|q[15]
Warning: Latch alu:inst8|q[2] has unsafe behavior
    Warning: Ports D and ENA on the latch are fed by the same signal lpm_rom0:inst|lpm_rom:lpm_rom_component|altrom:srom|q[15]
Warning: Latch alu:inst8|q[1] has unsafe behavior
    Warning: Ports D and ENA on the latch are fed by the same signal lpm_rom0:inst|lpm_rom:lpm_rom_component|altrom:srom|q[15]
Warning: Latch alu:inst8|q[0] has unsafe behavior
    Warning: Ports D and ENA on the latch are fed by the same signal lpm_rom0:inst|lpm_rom:lpm_rom_component|altrom:srom|q[15]
Warning: Latch alu:inst8|cl has unsafe behavior
    Warning: Ports D and ENA on the latch are fed by the same signal lpm_rom0:inst|lpm_rom:lpm_rom_component|altrom:srom|q[15]
Info: Implemented 479 device resources after synthesis - the final resource count might be different
    Info: Implemented 1 input pins
    Info: Implemented 60 output pins
    Info: Implemented 394 logic cells
    Info: Implemented 24 RAM segments
Info: Quartus II Analysis & Synthesis was successful. 0 errors, 58 warnings
    Info: Peak virtual memory: 230 megabytes
    Info: Processing ended: Mon Dec 02 14:14:44 2019
    Info: Elapsed time: 00:00:02
    Info: Total CPU time (on all processors): 00:00:02


